App/proguard/seeds.txt
ir.smartlab.permissions.App
ir.smartlab.permissions.App: App()
ir.smartlab.permissions.App$TrackerName: ir.smartlab.permissions.App$TrackerName[] values()
ir.smartlab.permissions.App$TrackerName: ir.smartlab.permissions.App$TrackerName valueOf(java.lang.String)
ir.smartlab.permissions.ApplicationDetail
ir.smartlab.permissions.ApplicationDetail: ApplicationDetail()
ir.smartlab.permissions.CategoryDetail
ir.smartlab.permissions.CategoryDetail: CategoryDetail()
ir.smartlab.permissions.Main
ir.smartlab.permissions.Main: Main()
ir.smartlab.permissions.Main$VIEWS: ir.smartlab.permissions.Main$VIEWS[] values()
ir.smartlab.permissions.Main$VIEWS: ir.smartlab.permissions.Main$VIEWS valueOf(java.lang.String)
ir.smartlab.permissions.PermissionDetail
ir.smartlab.permissions.PermissionDetail: PermissionDetail()
ir.smartlab.permissions.Preference
ir.smartlab.permissions.Preference: Preference()
ir.smartlab.permissions.R$attr: int adSize
ir.smartlab.permissions.R$attr: int adSizes
ir.smartlab.permissions.R$attr: int adUnitId
ir.smartlab.permissions.R$attr: int buyButtonAppearance
ir.smartlab.permissions.R$attr: int buyButtonHeight
ir.smartlab.permissions.R$attr: int buyButtonText
ir.smartlab.permissions.R$attr: int buyButtonWidth
ir.smartlab.permissions.R$attr: int cameraBearing
ir.smartlab.permissions.R$attr: int cameraTargetLat
ir.smartlab.permissions.R$attr: int cameraTargetLng
ir.smartlab.permissions.R$attr: int cameraTilt
ir.smartlab.permissions.R$attr: int cameraZoom
ir.smartlab.permissions.R$attr: int environment
ir.smartlab.permissions.R$attr: int fragmentMode
ir.smartlab.permissions.R$attr: int fragmentStyle
ir.smartlab.permissions.R$attr: int mapType
ir.smartlab.permissions.R$attr: int maskedWalletDetailsBackground
ir.smartlab.permissions.R$attr: int maskedWalletDetailsButtonBackground
ir.smartlab.permissions.R$attr: int maskedWalletDetailsButtonTextAppearance
ir.smartlab.permissions.R$attr: int maskedWalletDetailsHeaderTextAppearance
ir.smartlab.permissions.R$attr: int maskedWalletDetailsLogoImageType
ir.smartlab.permissions.R$attr: int maskedWalletDetailsLogoTextColor
ir.smartlab.permissions.R$attr: int maskedWalletDetailsTextAppearance
ir.smartlab.permissions.R$attr: int theme
ir.smartlab.permissions.R$attr: int uiCompass
ir.smartlab.permissions.R$attr: int uiRotateGestures
ir.smartlab.permissions.R$attr: int uiScrollGestures
ir.smartlab.permissions.R$color: int background_dark
ir.smartlab.permissions.R$color: int background_light
ir.smartlab.permissions.R$color: int background_tab
ir.smartlab.permissions.R$color: int common_action_bar_splitter
ir.smartlab.permissions.R$color: int common_signin_btn_dark_text_default
ir.smartlab.permissions.R$color: int common_signin_btn_dark_text_disabled
ir.smartlab.permissions.R$color: int common_signin_btn_dark_text_focused
ir.smartlab.permissions.R$color: int common_signin_btn_dark_text_pressed
ir.smartlab.permissions.R$color: int common_signin_btn_default_background
ir.smartlab.permissions.R$color: int common_signin_btn_light_text_default
ir.smartlab.permissions.R$color: int common_signin_btn_light_text_disabled
ir.smartlab.permissions.R$color: int common_signin_btn_light_text_focused
ir.smartlab.permissions.R$color: int common_signin_btn_light_text_pressed
ir.smartlab.permissions.R$color: int common_signin_btn_text_dark
ir.smartlab.permissions.R$color: int common_signin_btn_text_light
ir.smartlab.permissions.R$color: int screen_background
ir.smartlab.permissions.R$color: int text_dark
ir.smartlab.permissions.R$color: int text_light
ir.smartlab.permissions.R$color: int text_tab
ir.smartlab.permissions.R$color: int text_tab_selected
ir.smartlab.permissions.R$color: int wallet_bright_foreground_disabled_holo_light
ir.smartlab.permissions.R$color: int wallet_bright_foreground_holo_dark
ir.smartlab.permissions.R$color: int wallet_bright_foreground_holo_light
...
com.google.android.gms.drive.internal.CreateFolderRequest
com.google.android.gms.drive.internal.CreateFolderRequest: android.os.Parcelable$Creator CREATOR
com.google.android.gms.drive.internal.DeleteCustomPropertyRequest
com.google.android.gms.drive.internal.DeleteCustomPropertyRequest: android.os.Parcelable$Creator CREATOR
com.google.android.gms.drive.internal.DeleteResourceRequest
com.google.android.gms.drive.internal.DeleteResourceRequest: android.os.Parcelable$Creator CREATOR
com.google.android.gms.drive.internal.DisconnectRequest
com.google.android.gms.drive.internal.DisconnectRequest: android.os.Parcelable$Creator CREATOR
com.google.android.gms.drive.internal.GetDriveIdFromUniqueIdentifierRequest
com.google.android.gms.drive.internal.GetDriveIdFromUniqueIdentifierRequest: android.os.Parcelable$Creator CREATOR
com.google.android.gms.drive.internal.GetMetadataRequest
com.google.android.gms.drive.internal.GetMetadataRequest: android.os.Parcelable$Creator CREATOR
com.google.android.gms.drive.internal.ListParentsRequest
com.google.android.gms.drive.internal.ListParentsRequest: android.os.Parcelable$Creator CREATOR
com.google.android.gms.drive.internal.LoadRealtimeRequest
com.google.android.gms.drive.internal.LoadRealtimeRequest: android.os.Parcelable$Creator CREATOR
com.google.android.gms.drive.internal.OnContentsResponse
com.google.android.gms.drive.internal.OnContentsResponse: android.os.Parcelable$Creator CREATOR
com.google.android.gms.drive.internal.OnDownloadProgressResponse
com.google.android.gms.drive.internal.OnDownloadProgressResponse: android.os.Parcelable$Creator CREATOR
com.google.android.gms.drive.internal.OnDriveIdResponse
com.google.android.gms.drive.internal.OnDriveIdResponse: android.os.Parcelable$Creator CREATOR
com.google.android.gms.drive.internal.OnEventResponse
com.google.android.gms.drive.internal.OnEventResponse: android.os.Parcelable$Creator CREATOR
com.google.android.gms.drive.internal.OnListEntriesResponse
com.google.android.gms.drive.internal.OnListEntriesResponse: android.os.Parcelable$Creator CREATOR
com.google.android.gms.drive.internal.OnListParentsResponse
com.google.android.gms.drive.internal.OnListParentsResponse: android.os.Parcelable$Creator CREATOR
com.google.android.gms.drive.internal.OnLoadRealtimeResponse
com.google.android.gms.drive.internal.OnLoadRealtimeResponse: android.os.Parcelable$Creator CREATOR
com.google.android.gms.drive.internal.OnMetadataResponse
com.google.android.gms.drive.internal.OnMetadataResponse: android.os.Parcelable$Creator CREATOR
com.google.android.gms.drive.internal.OnResourceIdSetResponse
com.google.android.gms.drive.internal.OnResourceIdSetResponse: android.os.Parcelable$Creator CREATOR
com.google.android.gms.drive.internal.OnStorageStatsResponse
com.google.android.gms.drive.internal.OnStorageStatsResponse: android.os.Parcelable$Creator CREATOR
com.google.android.gms.drive.internal.OnSyncMoreResponse
com.google.android.gms.drive.internal.OnSyncMoreResponse: android.os.Parcelable$Creator CREATOR
com.google.android.gms.drive.internal.OpenContentsRequest
com.google.android.gms.drive.internal.OpenContentsRequest: android.os.Parcelable$Creator CREATOR
com.google.android.gms.drive.internal.OpenFileIntentSenderRequest
com.google.android.gms.drive.internal.OpenFileIntentSenderRequest: android.os.Parcelable$Creator CREATOR
com.google.android.gms.drive.internal.QueryRequest
com.google.android.gms.drive.internal.QueryRequest: android.os.Parcelable$Creator CREATOR
com.google.android.gms.drive.internal.RemoveEventListenerRequest
com.google.android.gms.drive.internal.RemoveEventListenerRequest: android.os.Parcelable$Creator CREATOR
com.google.android.gms.drive.internal.SetResourceParentsRequest
com.google.android.gms.drive.internal.SetResourceParentsRequest: android.os.Parcelable$Creator CREATOR
com.google.android.gms.drive.internal.TrashResourceRequest
com.google.android.gms.drive.internal.TrashResourceRequest: android.os.Parcelable$Creator CREATOR