App/proguard/mapping.txt
ir.smartlab.permissions.App -> ir.smartlab.permissions.App:
    java.util.HashMap mTrackers -> a
    com.google.android.gms.analytics.Tracker getTracker(ir.smartlab.permissions.App$TrackerName) -> a
ir.smartlab.permissions.App$TrackerName -> ir.smartlab.permissions.a:
    ir.smartlab.permissions.App$TrackerName APP_TRACKER -> a
    ir.smartlab.permissions.App$TrackerName[] ENUM$VALUES -> b
    ir.smartlab.permissions.App$TrackerName[] values() -> values
    ir.smartlab.permissions.App$TrackerName valueOf(java.lang.String) -> valueOf
ir.smartlab.permissions.Application -> ir.smartlab.permissions.b:
    java.lang.String label -> a
    java.lang.String name -> b
    int versionCode -> c
    java.lang.String versionName -> d
    int system -> e
    java.util.List permissions -> f
    java.lang.String getLabel() -> a
    java.lang.String getName() -> b
    int getVersionCode() -> c
    java.lang.String getVersionName() -> d
    int isSystem() -> e
    java.util.List getPermissions() -> f
    void addPermission(java.lang.Integer) -> a
ir.smartlab.permissions.ApplicationDetail -> ir.smartlab.permissions.ApplicationDetail:
    android.widget.ListView permissionList -> a
    android.widget.ImageButton manageButton -> b
    java.lang.String packageName -> c
    android.content.Context context -> d
    void onCreate(android.os.Bundle) -> onCreate
    java.lang.String access$0(ir.smartlab.permissions.ApplicationDetail) -> a
    android.content.Context access$1(ir.smartlab.permissions.ApplicationDetail) -> b
ir.smartlab.permissions.ApplicationDetail$1 -> ir.smartlab.permissions.c:
    ir.smartlab.permissions.ApplicationDetail this$0 -> a
    void onClick(android.view.View) -> onClick
ir.smartlab.permissions.ApplicationDetail$2 -> ir.smartlab.permissions.d:
    ir.smartlab.permissions.ApplicationDetail this$0 -> a
    void onItemClick(android.widget.AdapterView,android.view.View,int,long) -> onItemClick
ir.smartlab.permissions.ApplicationListAdapter -> ir.smartlab.permissions.e:
    android.app.Activity activity -> a
    java.util.List items -> b
    int getCount() -> getCount
    ir.smartlab.permissions.ApplicationListItem getItem(int) -> a
    long getItemId(int) -> getItemId
    android.view.View getView(int,android.view.View,android.view.ViewGroup) -> getView
    java.lang.Object getItem(int) -> getItem
ir.smartlab.permissions.ApplicationListItem -> ir.smartlab.permissions.f:
    long id -> a
    android.graphics.drawable.Drawable icon -> b
    java.lang.String text -> c
    long getId() -> a
    android.graphics.drawable.Drawable getIcon() -> b
    java.lang.String getText() -> c
ir.smartlab.permissions.CategoryDetail -> ir.smartlab.permissions.CategoryDetail:
    android.widget.ListView applicationList -> a
    void onCreate(android.os.Bundle) -> onCreate
ir.smartlab.permissions.CategoryDetail$1 -> ir.smartlab.permissions.g:
    ir.smartlab.permissions.CategoryDetail this$0 -> a
    void onItemClick(android.widget.AdapterView,android.view.View,int,long) -> onItemClick
ir.smartlab.permissions.Database -> ir.smartlab.permissions.h:
    android.content.Context context -> b
    android.app.ProgressDialog progressDialog -> c
    android.database.sqlite.SQLiteDatabase database -> a
    void isUpToDate() -> a
    void updateDatabase(android.app.Activity) -> a
    android.content.Context access$0(ir.smartlab.permissions.Database) -> a
    android.app.ProgressDialog access$1(ir.smartlab.permissions.Database) -> b
ir.smartlab.permissions.Database$IsUpToDateTask -> ir.smartlab.permissions.i:
    ir.smartlab.permissions.Database this$0 -> a
    java.lang.Boolean doInBackground(java.lang.Void[]) -> a
    void onPostExecute(java.lang.Boolean) -> a
    void onPostExecute(java.lang.Object) -> onPostExecute
    java.lang.Object doInBackground(java.lang.Object[]) -> doInBackground
...
com.google.android.gms.internal.an -> com.google.android.gms.internal.s:
    com.google.android.gms.ads.doubleclick.AppEventListener mh -> a
    void onAppEvent(java.lang.String,java.lang.String) -> a
com.google.android.gms.internal.ao -> com.google.android.gms.internal.ao:
    com.google.android.gms.ads.AdSize[] mi -> a
    java.lang.String mj -> b
    com.google.android.gms.ads.AdSize[] f(java.lang.String) -> a
    com.google.android.gms.ads.AdSize[] f(boolean) -> a
    java.lang.String getAdUnitId() -> a
com.google.android.gms.internal.ap -> com.google.android.gms.internal.t:
    void onAdClosed() -> a
    void onAdFailedToLoad(int) -> a
    void onAdLeftApplication() -> b
    void onAdLoaded() -> c
    void onAdOpened() -> d
com.google.android.gms.internal.ap$a -> com.google.android.gms.internal.u:
    com.google.android.gms.internal.ap e(android.os.IBinder) -> a
    android.os.IBinder asBinder() -> asBinder
    boolean onTransact(int,android.os.Parcel,android.os.Parcel,int) -> onTransact
com.google.android.gms.internal.ap$a$a -> com.google.android.gms.internal.w:
    android.os.IBinder kq -> a
    android.os.IBinder asBinder() -> asBinder
    void onAdClosed() -> a
    void onAdFailedToLoad(int) -> a
    void onAdLeftApplication() -> b
    void onAdLoaded() -> c
    void onAdOpened() -> d
com.google.android.gms.internal.aq -> com.google.android.gms.internal.x:
    com.google.android.gms.dynamic.d U() -> a
    void destroy() -> b
    boolean isReady() -> c
    boolean a(com.google.android.gms.internal.ai) -> a
    void pause() -> d
    void resume() -> e
    void a(com.google.android.gms.internal.ap) -> a
    void a(com.google.android.gms.internal.as) -> a
    void showInterstitial() -> f
    void stopLoading() -> g
    void ag() -> h
    com.google.android.gms.internal.al V() -> i
    void a(com.google.android.gms.internal.al) -> a
    void a(com.google.android.gms.internal.dc) -> a
    void a(com.google.android.gms.internal.dg,java.lang.String) -> a
com.google.android.gms.internal.aq$a -> com.google.android.gms.internal.y:
    com.google.android.gms.internal.aq f(android.os.IBinder) -> a
    android.os.IBinder asBinder() -> asBinder
    boolean onTransact(int,android.os.Parcel,android.os.Parcel,int) -> onTransact
com.google.android.gms.internal.aq$a$a -> com.google.android.gms.internal.z:
    android.os.IBinder kq -> a
    android.os.IBinder asBinder() -> asBinder
    com.google.android.gms.dynamic.d U() -> a
    void destroy() -> b
    boolean isReady() -> c
    boolean a(com.google.android.gms.internal.ai) -> a
    void pause() -> d
    void resume() -> e
    void a(com.google.android.gms.internal.ap) -> a
    void a(com.google.android.gms.internal.as) -> a
    void showInterstitial() -> f
    void stopLoading() -> g
    void ag() -> h
    com.google.android.gms.internal.al V() -> i
    void a(com.google.android.gms.internal.al) -> a
    void a(com.google.android.gms.internal.dc) -> a
    void a(com.google.android.gms.internal.dg,java.lang.String) -> a
com.google.android.gms.internal.ar -> com.google.android.gms.internal.aa:
    android.os.IBinder a(com.google.android.gms.dynamic.d,com.google.android.gms.internal.al,java.lang.String,com.google.android.gms.internal.bt,int) -> a
com.google.android.gms.internal.ar$a -> com.google.android.gms.internal.ab:
    com.google.android.gms.internal.ar g(android.os.IBinder) -> a
    boolean onTransact(int,android.os.Parcel,android.os.Parcel,int) -> onTransact
com.google.android.gms.internal.ar$a$a -> com.google.android.gms.internal.ac:
    android.os.IBinder kq -> a
    android.os.IBinder asBinder() -> asBinder
    android.os.IBinder a(com.google.android.gms.dynamic.d,com.google.android.gms.internal.al,java.lang.String,com.google.android.gms.internal.bt,int) -> a
com.google.android.gms.internal.as -> com.google.android.gms.internal.ad:
    void onAppEvent(java.lang.String,java.lang.String) -> a