App/proguard/usage.txt
ir.smartlab.permissions.App:
    private static final java.lang.String PROPERTY_ID
ir.smartlab.permissions.Application:
    28:29:public void setLabel(java.lang.String)
    36:37:public void setName(java.lang.String)
    44:45:public void setVersionCode(int)
    52:53:public void setVersionName(java.lang.String)
    60:61:public void setSystem(int)
ir.smartlab.permissions.ApplicationListItem:
    24:25:public void setId(long)
    34:35:public void setIcon(android.graphics.drawable.Drawable)
    44:45:public void setText(java.lang.String)
ir.smartlab.permissions.BuildConfig
ir.smartlab.permissions.DatabaseOpenHelper:
    private static final java.lang.String DATABASE_NAME
    private static final int DATABASE_VERSION
    private static final java.lang.String APPLICATION_TABLE_CREATE
    private static final java.lang.String PERMISSION_TABLE_CREATE
    private static final java.lang.String CATEGORY_TABLE_CREATE
    private static final java.lang.String RELATION_APPLICATION_PERMISSION_TABLE_CREATE
    private static final java.lang.String RELATION_CATEGORY_PERMISSION
    private static final java.lang.String APPLICATION_TABLE_DELETE
    private static final java.lang.String PERMISSION_TABLE_DELETE
    private static final java.lang.String RELATION_APPLICATION_PERMISSION_TABLE_DELETE
    private static final java.lang.String CATEGORY_TABLE_DELETE
    private static final java.lang.String RELATION_CATEGORY_PERMISSION_DELETE
ir.smartlab.permissions.R
ir.smartlab.permissions.R$attr
ir.smartlab.permissions.R$color
ir.smartlab.permissions.R$drawable
ir.smartlab.permissions.R$id
ir.smartlab.permissions.R$integer
ir.smartlab.permissions.R$layout
ir.smartlab.permissions.R$string
ir.smartlab.permissions.R$style
ir.smartlab.permissions.R$styleable
ir.smartlab.permissions.R$xml
ir.smartlab.permissions.Tools:
    private static final java.lang.String packageName
    14:14:public Tools()
...
com.google.android.gms.tagmanager.x:
    public void c(java.lang.String,java.lang.Throwable)
    public void z(java.lang.String)
    public void setLogLevel(int)
com.google.android.gms.tagmanager.y
com.google.android.gms.tagmanager.z
com.google.android.gms.wallet.Address:
    public java.lang.String getName()
    public java.lang.String getAddress1()
    public java.lang.String getAddress2()
    public java.lang.String getAddress3()
    public java.lang.String getCountryCode()
    public java.lang.String getCity()
    public java.lang.String getState()
    public java.lang.String getPostalCode()
    public java.lang.String getPhoneNumber()
    public boolean isPostBox()
    public java.lang.String getCompanyName()
com.google.android.gms.wallet.Cart:
    public static com.google.android.gms.wallet.Cart$Builder newBuilder()
    public java.lang.String getTotalPrice()
    public java.lang.String getCurrencyCode()
    public java.util.ArrayList getLineItems()
com.google.android.gms.wallet.Cart$1
com.google.android.gms.wallet.Cart$Builder
com.google.android.gms.wallet.CountrySpecification:
    public CountrySpecification(java.lang.String)
    public java.lang.String getCountryCode()
com.google.android.gms.wallet.FullWallet:
    public java.lang.String getGoogleTransactionId()
    public java.lang.String getMerchantTransactionId()
    public com.google.android.gms.wallet.ProxyCard getProxyCard()
    public java.lang.String getEmail()
    public com.google.android.gms.wallet.Address getBillingAddress()
    public com.google.android.gms.wallet.Address getShippingAddress()
    public java.lang.String[] getPaymentDescriptions()
    public com.google.android.gms.identity.intents.model.UserAddress getBuyerBillingAddress()
    public com.google.android.gms.identity.intents.model.UserAddress getBuyerShippingAddress()
    public com.google.android.gms.wallet.InstrumentInfo[] getInstrumentInfos()
com.google.android.gms.wallet.FullWalletRequest:
    public static com.google.android.gms.wallet.FullWalletRequest$Builder newBuilder()
    public java.lang.String getGoogleTransactionId()
    public java.lang.String getMerchantTransactionId()
    public com.google.android.gms.wallet.Cart getCart()
com.google.android.gms.wallet.FullWalletRequest$1
com.google.android.gms.wallet.FullWalletRequest$Builder
com.google.android.gms.wallet.LineItem:
    public static com.google.android.gms.wallet.LineItem$Builder newBuilder()
    public java.lang.String getDescription()
    public java.lang.String getQuantity()
    public java.lang.String getUnitPrice()
    public java.lang.String getTotalPrice()
    public int getRole()
    public java.lang.String getCurrencyCode()
com.google.android.gms.wallet.LineItem$1
com.google.android.gms.wallet.LineItem$Builder
com.google.android.gms.wallet.LineItem$Role
com.google.android.gms.wallet.LoyaltyWalletObject:
    public java.lang.String getId()
    public java.lang.String getAccountId()
    public java.lang.String getIssuerName()
    public java.lang.String getProgramName()
    public java.lang.String getAccountName()
    public java.lang.String getBarcodeAlternateText()
    public java.lang.String getBarcodeType()
    public java.lang.String getBarcodeValue()